2015/10/30  14:55:46  Starting server....
2015/10/30  14:55:46  server.IP:127.0.0.1
2015/10/30  14:55:46  server.PORT:30629
2015/10/30  14:55:46  server.type:3
2015/10/30  14:55:46  listen.PORT:31629
2015/10/30  14:55:46  listen.threadnum:3
2015/10/30  14:55:46  listen.deadtime:600
2015/10/30  14:55:46  Server startup OK.
2015/10/30  15:34:43  (0x7c0970)MPConnection ip:192.168.9.63
2015/10/30  15:34:43  Connect server success! host:127.0.0.1, port:30629
2015/10/30  15:34:43  (0x7c11d0)c2s original nRequest:30500, nMsgSize:179
2015/10/30  15:34:43  (0x7c11d0)c2s decoded, nSessionId:1, nRequest:30500, nMsgSize:256
2015/10/30  15:34:43  (0x7c11d0)s2c original nRequest:70000, nMsgSize:168
2015/10/30  15:34:43  (0x7c11d0)s2c encoded nRequest:70000, original*size:168, nMsgSize:129
2015/10/30  15:34:43  (0x7c11d0)c2s original nRequest:30520, nMsgSize:80
2015/10/30  15:34:43  (0x7c11d0)c2s decoded, nSessionId:2, nRequest:30520, nMsgSize:72
2015/10/30  15:34:43  (0x7c11d0)s2c original nRequest:10, nMsgSize:44
2015/10/30  15:34:43  (0x7c11d0)s2c encoded nRequest:10, original*size:44, nMsgSize:62
2015/10/30  15:35:06  (0x7c11d0)c2s original nRequest:30501, nMsgSize:80
2015/10/30  15:35:06  (0x7c11d0)c2s decoded, nSessionId:3, nRequest:30501, nMsgSize:64
2015/10/30  15:35:06  (0x7c0970) MPConnection::handle_read failed!
2015/10/30  15:35:06  Client Read failed! host:127.0.0.1, port:30629, error:995, msg:由于线程退出或应用程序请求，已中止 I/O 操作。
2015/10/30  15:35:21  (0x7c5300)MPConnection ip:192.168.9.63
2015/10/30  15:35:21  Connect server success! host:127.0.0.1, port:30629
2015/10/30  15:35:21  (0x7c5b60)c2s original nRequest:30500, nMsgSize:179
2015/10/30  15:35:21  (0x7c5b60)c2s decoded, nSessionId:1, nRequest:30500, nMsgSize:256
2015/10/30  15:35:21  (0x7c5b60)s2c original nRequest:70000, nMsgSize:168
2015/10/30  15:35:21  (0x7c5b60)s2c encoded nRequest:70000, original*size:168, nMsgSize:129
2015/10/30  15:35:21  (0x7c5b60)c2s original nRequest:30520, nMsgSize:80
2015/10/30  15:35:21  (0x7c5b60)c2s decoded, nSessionId:2, nRequest:30520, nMsgSize:72
2015/10/30  15:35:21  (0x7c5b60)s2c original nRequest:10, nMsgSize:44
2015/10/30  15:35:21  (0x7c5b60)s2c encoded nRequest:10, original*size:44, nMsgSize:62
2015/10/30  15:35:37  (0x7c5b60)c2s original nRequest:30501, nMsgSize:80
2015/10/30  15:35:37  (0x7c5b60)c2s decoded, nSessionId:3, nRequest:30501, nMsgSize:64
2015/10/30  15:35:37  (0x7c5300) MPConnection::handle_read failed!
2015/10/30  15:35:37  Client Read failed! host:127.0.0.1, port:30629, error:995, msg:由于线程退出或应用程序请求，已中止 I/O 操作。
2015/10/30  15:35:39  (0x7c0970)MPConnection ip:192.168.9.63
2015/10/30  15:35:39  Connect server success! host:127.0.0.1, port:30629
2015/10/30  15:35:39  (0x7c11d0)c2s original nRequest:30500, nMsgSize:179
2015/10/30  15:35:39  (0x7c11d0)c2s decoded, nSessionId:1, nRequest:30500, nMsgSize:256
2015/10/30  15:35:39  (0x7c11d0)s2c original nRequest:70000, nMsgSize:168
2015/10/30  15:35:39  (0x7c11d0)s2c encoded nRequest:70000, original*size:168, nMsgSize:129
2015/10/30  15:35:39  (0x7c11d0)c2s original nRequest:30520, nMsgSize:80
2015/10/30  15:35:39  (0x7c11d0)c2s decoded, nSessionId:2, nRequest:30520, nMsgSize:72
2015/10/30  15:35:39  (0x7c11d0)s2c original nRequest:10, nMsgSize:44
2015/10/30  15:35:39  (0x7c11d0)s2c encoded nRequest:10, original*size:44, nMsgSize:62
2015/10/30  15:36:20  (0x7c11d0)c2s original nRequest:30001, nMsgSize:64
2015/10/30  15:36:20  (0x7c11d0)c2s decoded, nSessionId:3, nRequest:30001, nMsgSize:8
2015/10/30  15:37:20  (0x7c11d0)c2s original nRequest:30001, nMsgSize:64
2015/10/30  15:37:20  (0x7c11d0)c2s decoded, nSessionId:4, nRequest:30001, nMsgSize:8
2015/10/30  15:38:20  (0x7c11d0)c2s original nRequest:30001, nMsgSize:64
2015/10/30  15:38:20  (0x7c11d0)c2s decoded, nSessionId:5, nRequest:30001, nMsgSize:8
2015/10/30  15:39:12  (0x7c11d0)c2s original nRequest:30501, nMsgSize:80
2015/10/30  15:39:12  (0x7c11d0)c2s decoded, nSessionId:6, nRequest:30501, nMsgSize:64
2015/10/30  15:39:12  (0x7c0970) MPConnection::handle_read failed!
2015/10/30  15:39:12  Client Read failed! host:127.0.0.1, port:30629, error:995, msg:由于线程退出或应用程序请求，已中止 I/O 操作。
2015/10/30  15:39:29  (0x7c5300)MPConnection ip:192.168.9.63
2015/10/30  15:39:29  Connect server success! host:127.0.0.1, port:30629
2015/10/30  15:39:29  (0x7c5b60)c2s original nRequest:30500, nMsgSize:179
2015/10/30  15:39:29  (0x7c5b60)c2s decoded, nSessionId:1, nRequest:30500, nMsgSize:256
2015/10/30  15:39:29  (0x7c5b60)s2c original nRequest:70000, nMsgSize:168
2015/10/30  15:39:29  (0x7c5b60)s2c encoded nRequest:70000, original*size:168, nMsgSize:129
2015/10/30  15:39:29  (0x7c5b60)c2s original nRequest:30520, nMsgSize:80
2015/10/30  15:39:29  (0x7c5b60)c2s decoded, nSessionId:2, nRequest:30520, nMsgSize:72
2015/10/30  15:39:29  (0x7c5b60)s2c original nRequest:10, nMsgSize:44
2015/10/30  15:39:29  (0x7c5b60)s2c encoded nRequest:10, original*size:44, nMsgSize:62
2015/10/30  15:40:23  (0x7c5b60)c2s original nRequest:30001, nMsgSize:64
2015/10/30  15:40:23  (0x7c5b60)c2s decoded, nSessionId:3, nRequest:30001, nMsgSize:8
2015/10/30  15:40:44  (0x7c5300) MPConnection::handle_read failed!
2015/10/30  15:40:44  Client Read failed! host:127.0.0.1, port:30629, error:995, msg:由于线程退出或应用程序请求，已中止 I/O 操作。
