2015/10/29  14:50:36  Starting server....
2015/10/29  14:50:36  server.IP:127.0.0.1
2015/10/29  14:50:36  server.PORT:30629
2015/10/29  14:50:36  server.type:3
2015/10/29  14:50:36  listen.PORT:31629
2015/10/29  14:50:36  listen.threadnum:3
2015/10/29  14:50:36  listen.deadtime:600
2015/10/29  14:50:36  Server startup OK.
2015/10/29  14:50:49  (0x380970)MPConnection ip:192.168.9.63
2015/10/29  14:50:49  (0x3811d0)c2s original nRequest:30500, nMsgSize:179
2015/10/29  14:50:49  (0x3811d0)c2s decoded, nSessionId:1, nRequest:30500, nMsgSize:256
2015/10/29  14:50:49  Connect server success! host:127.0.0.1, port:30629
2015/10/29  14:50:49  (0x3811d0)s2c original nRequest:70000, nMsgSize:168
2015/10/29  14:50:49  (0x3811d0)s2c encoded nRequest:70000, original*size:168, nMsgSize:113
2015/10/29  14:50:49  (0x3811d0)c2s original nRequest:30520, nMsgSize:80
2015/10/29  14:50:49  (0x3811d0)c2s decoded, nSessionId:2, nRequest:30520, nMsgSize:72
2015/10/29  14:50:49  (0x3811d0)s2c original nRequest:10, nMsgSize:44
2015/10/29  14:50:49  (0x3811d0)s2c encoded nRequest:10, original*size:44, nMsgSize:62
2015/10/29  14:51:41  (0x3811d0)c2s original nRequest:30001, nMsgSize:64
2015/10/29  14:51:41  (0x3811d0)c2s decoded, nSessionId:3, nRequest:30001, nMsgSize:8
2015/10/29  14:52:42  (0x3811d0)c2s original nRequest:30001, nMsgSize:64
2015/10/29  14:52:42  (0x3811d0)c2s decoded, nSessionId:4, nRequest:30001, nMsgSize:8
2015/10/29  14:53:43  (0x3811d0)c2s original nRequest:30001, nMsgSize:64
2015/10/29  14:53:43  (0x3811d0)c2s decoded, nSessionId:5, nRequest:30001, nMsgSize:8
2015/10/29  14:54:33  (0x3811d0)c2s original nRequest:30501, nMsgSize:80
2015/10/29  14:54:33  (0x3811d0)c2s decoded, nSessionId:6, nRequest:30501, nMsgSize:64
2015/10/29  14:54:33  (0x380970) MPConnection::handle_read failed!
2015/10/29  14:54:33  Client Read failed! host:127.0.0.1, port:30629, error:995, msg:由于线程退出或应用程序请求，已中止 I/O 操作。
2015/10/29  14:54:33  (0x385260)MPConnection ip:192.168.9.63
2015/10/29  14:54:33  Connect server success! host:127.0.0.1, port:30629
2015/10/29  14:54:33  (0x385ac0)c2s original nRequest:30500, nMsgSize:179
2015/10/29  14:54:33  (0x385ac0)c2s decoded, nSessionId:1, nRequest:30500, nMsgSize:256
2015/10/29  14:54:33  (0x385ac0)s2c original nRequest:70000, nMsgSize:168
2015/10/29  14:54:33  (0x385ac0)s2c encoded nRequest:70000, original*size:168, nMsgSize:113
2015/10/29  14:54:33  (0x385ac0)c2s original nRequest:30520, nMsgSize:80
2015/10/29  14:54:33  (0x385ac0)c2s decoded, nSessionId:2, nRequest:30520, nMsgSize:72
2015/10/29  14:54:33  (0x385ac0)s2c original nRequest:10, nMsgSize:44
2015/10/29  14:54:33  (0x385ac0)s2c encoded nRequest:10, original*size:44, nMsgSize:62
2015/10/29  14:54:45  (0x385ac0)c2s original nRequest:30001, nMsgSize:64
2015/10/29  14:54:45  (0x385ac0)c2s decoded, nSessionId:3, nRequest:30001, nMsgSize:8
2015/10/29  14:55:46  (0x385ac0)c2s original nRequest:30001, nMsgSize:64
2015/10/29  14:55:46  (0x385ac0)c2s decoded, nSessionId:4, nRequest:30001, nMsgSize:8
2015/10/29  14:55:48  (0x385ac0)c2s original nRequest:30501, nMsgSize:80
2015/10/29  14:55:48  (0x385ac0)c2s decoded, nSessionId:5, nRequest:30501, nMsgSize:64
2015/10/29  14:55:48  (0x385260) MPConnection::handle_read failed!
2015/10/29  14:55:48  Client Read failed! host:127.0.0.1, port:30629, error:995, msg:由于线程退出或应用程序请求，已中止 I/O 操作。
