2016/01/14  13:54:33  Starting server....
2016/01/14  13:54:33  server.IP:127.0.0.1
2016/01/14  13:54:33  server.PORT:30629
2016/01/14  13:54:33  server.type:3
2016/01/14  13:54:33  listen.PORT:31629
2016/01/14  13:54:33  listen.threadnum:3
2016/01/14  13:54:33  listen.deadtime:600
2016/01/14  13:54:33  Server startup OK.
2016/01/14  14:00:16  (0x470c78)MPConnection ip:192.168.0.253
2016/01/14  14:00:16  Connect server success! host:127.0.0.1, port:30629
2016/01/14  14:00:16  (0x4714d8)c2s original nRequest:30500, nMsgSize:162
2016/01/14  14:00:16  (0x4714d8)c2s decoded, nSessionId:1, nRequest:30500, nMsgSize:256
2016/01/14  14:00:16  (0x4714d8)s2c original nRequest:70000, nMsgSize:168
2016/01/14  14:00:16  (0x4714d8)s2c encoded nRequest:70000, original*size:168, nMsgSize:113
2016/01/14  14:00:16  (0x4714d8)c2s original nRequest:30520, nMsgSize:80
2016/01/14  14:00:16  (0x4714d8)c2s decoded, nSessionId:2, nRequest:30520, nMsgSize:72
2016/01/14  14:00:16  (0x4714d8)s2c original nRequest:10, nMsgSize:44
2016/01/14  14:00:16  (0x4714d8)s2c encoded nRequest:10, original*size:44, nMsgSize:62
2016/01/14  14:01:05  (0x4714d8)c2s original nRequest:30501, nMsgSize:96
2016/01/14  14:01:05  (0x4714d8)c2s decoded, nSessionId:3, nRequest:30501, nMsgSize:64
2016/01/14  14:01:05  (0x470c78) MPConnection::handle_read failed!
2016/01/14  14:01:05  Client Read failed! host:127.0.0.1, port:30629, error:995, msg:由于线程退出或应用程序请求，已中止 I/O 操作。
2016/01/14  14:15:23  (0x4753c8)MPConnection ip:192.168.0.253
2016/01/14  14:15:23  Connect server success! host:127.0.0.1, port:30629
2016/01/14  14:15:23  (0x475c28)c2s original nRequest:30500, nMsgSize:162
2016/01/14  14:15:23  (0x475c28)c2s decoded, nSessionId:1, nRequest:30500, nMsgSize:256
2016/01/14  14:15:23  (0x475c28)s2c original nRequest:70000, nMsgSize:168
2016/01/14  14:15:23  (0x475c28)s2c encoded nRequest:70000, original*size:168, nMsgSize:113
2016/01/14  14:15:23  (0x475c28)c2s original nRequest:30520, nMsgSize:80
2016/01/14  14:15:23  (0x475c28)c2s decoded, nSessionId:2, nRequest:30520, nMsgSize:72
2016/01/14  14:15:23  (0x475c28)s2c original nRequest:10, nMsgSize:44
2016/01/14  14:15:23  (0x475c28)s2c encoded nRequest:10, original*size:44, nMsgSize:62
2016/01/14  14:15:43  (0x475c28)c2s original nRequest:30001, nMsgSize:64
2016/01/14  14:15:43  (0x475c28)c2s decoded, nSessionId:3, nRequest:30001, nMsgSize:8
2016/01/14  14:16:06  (0x475c28)c2s original nRequest:30501, nMsgSize:96
2016/01/14  14:16:06  (0x475c28)c2s decoded, nSessionId:4, nRequest:30501, nMsgSize:64
2016/01/14  14:16:06  (0x4753c8) MPConnection::handle_read failed!
2016/01/14  14:16:06  Client Read failed! host:127.0.0.1, port:30629, error:995, msg:由于线程退出或应用程序请求，已中止 I/O 操作。
