2015/11/09  10:51:27  Starting server....
2015/11/09  10:51:27  server.IP:127.0.0.1
2015/11/09  10:51:27  server.PORT:30629
2015/11/09  10:51:27  server.type:3
2015/11/09  10:51:27  listen.PORT:31629
2015/11/09  10:51:27  listen.threadnum:3
2015/11/09  10:51:27  listen.deadtime:600
2015/11/09  10:51:27  Server startup OK.
2015/11/09  10:54:09  (0x630970)MPConnection ip:192.168.9.63
2015/11/09  10:54:09  Connect server success! host:127.0.0.1, port:30629
2015/11/09  10:54:09  (0x6311d0)c2s original nRequest:30500, nMsgSize:179
2015/11/09  10:54:09  (0x6311d0)c2s decoded, nSessionId:1, nRequest:30500, nMsgSize:256
2015/11/09  10:54:09  (0x6311d0)s2c original nRequest:70000, nMsgSize:168
2015/11/09  10:54:09  (0x6311d0)s2c encoded nRequest:70000, original*size:168, nMsgSize:129
2015/11/09  10:54:09  (0x6311d0)c2s original nRequest:30520, nMsgSize:80
2015/11/09  10:54:09  (0x6311d0)c2s decoded, nSessionId:2, nRequest:30520, nMsgSize:72
2015/11/09  10:54:09  (0x6311d0)s2c original nRequest:10, nMsgSize:44
2015/11/09  10:54:09  (0x6311d0)s2c encoded nRequest:10, original*size:44, nMsgSize:62
2015/11/09  10:54:53  (0x6311d0)c2s original nRequest:30001, nMsgSize:64
2015/11/09  10:54:53  (0x6311d0)c2s decoded, nSessionId:3, nRequest:30001, nMsgSize:8
2015/11/09  10:55:24  (0x630970) MPConnection::handle_read failed!
2015/11/09  10:55:24  Client Read failed! host:127.0.0.1, port:30629, error:995, msg:由于线程退出或应用程序请求，已中止 I/O 操作。
2015/11/09  10:56:06  (0x638f40)MPConnection ip:192.168.9.63
2015/11/09  10:56:06  Connect server success! host:127.0.0.1, port:30629
2015/11/09  10:56:06  (0x6397a0)c2s original nRequest:30500, nMsgSize:179
2015/11/09  10:56:06  (0x6397a0)c2s decoded, nSessionId:1, nRequest:30500, nMsgSize:256
2015/11/09  10:56:06  (0x6397a0)s2c original nRequest:70000, nMsgSize:168
2015/11/09  10:56:06  (0x6397a0)s2c encoded nRequest:70000, original*size:168, nMsgSize:129
2015/11/09  10:56:06  (0x6397a0)c2s original nRequest:30520, nMsgSize:80
2015/11/09  10:56:06  (0x6397a0)c2s decoded, nSessionId:2, nRequest:30520, nMsgSize:72
2015/11/09  10:56:06  (0x6397a0)s2c original nRequest:10, nMsgSize:44
2015/11/09  10:56:06  (0x6397a0)s2c encoded nRequest:10, original*size:44, nMsgSize:62
2015/11/09  10:57:01  (0x6397a0)c2s original nRequest:30501, nMsgSize:80
2015/11/09  10:57:01  (0x6397a0)c2s decoded, nSessionId:3, nRequest:30501, nMsgSize:64
2015/11/09  10:57:01  (0x638f40) MPConnection::handle_read failed!
2015/11/09  10:57:01  Client Read failed! host:127.0.0.1, port:30629, error:995, msg:由于线程退出或应用程序请求，已中止 I/O 操作。
