2015/12/29  14:05:10  Starting server....
2015/12/29  14:05:10  server.IP:127.0.0.1
2015/12/29  14:05:10  server.PORT:30629
2015/12/29  14:05:10  server.type:3
2015/12/29  14:05:10  listen.PORT:31629
2015/12/29  14:05:10  listen.threadnum:3
2015/12/29  14:05:10  listen.deadtime:600
2015/12/29  14:05:10  Server startup OK.
2015/12/29  14:05:18  (0x3f0c88)MPConnection ip:192.168.9.16
2015/12/29  14:05:18  Connect server success! host:127.0.0.1, port:30629
2015/12/29  14:05:18  (0x3f14e8)c2s original nRequest:30500, nMsgSize:179
2015/12/29  14:05:18  (0x3f14e8)c2s decoded, nSessionId:1, nRequest:30500, nMsgSize:256
2015/12/29  14:05:18  (0x3f14e8)s2c original nRequest:70000, nMsgSize:168
2015/12/29  14:05:18  (0x3f14e8)s2c encoded nRequest:70000, original*size:168, nMsgSize:113
2015/12/29  14:05:18  (0x3f14e8)c2s original nRequest:30520, nMsgSize:80
2015/12/29  14:05:18  (0x3f14e8)c2s decoded, nSessionId:2, nRequest:30520, nMsgSize:72
2015/12/29  14:05:18  (0x3f14e8)s2c original nRequest:10, nMsgSize:44
2015/12/29  14:05:19  (0x3f14e8)s2c encoded nRequest:10, original*size:44, nMsgSize:62
2015/12/29  14:05:58  (0x3f14e8)c2s original nRequest:30001, nMsgSize:64
2015/12/29  14:05:58  (0x3f14e8)c2s decoded, nSessionId:3, nRequest:30001, nMsgSize:8
2015/12/29  14:06:13  (0x3f14e8)c2s original nRequest:30501, nMsgSize:80
2015/12/29  14:06:13  (0x3f14e8)c2s decoded, nSessionId:4, nRequest:30501, nMsgSize:64
2015/12/29  14:06:13  (0x3f0c88) MPConnection::handle_read failed!
2015/12/29  14:06:13  Client Read failed! host:127.0.0.1, port:30629, error:995, msg:由于线程退出或应用程序请求，已中止 I/O 操作。
2015/12/29  14:21:54  (0x3f53d8)MPConnection ip:192.168.9.123
2015/12/29  14:21:54  Connect server success! host:127.0.0.1, port:30629
2015/12/29  14:21:54  (0x3f5c38)c2s original nRequest:30500, nMsgSize:179
2015/12/29  14:21:54  (0x3f5c38)c2s decoded, nSessionId:1, nRequest:30500, nMsgSize:256
2015/12/29  14:21:54  (0x3f5c38)s2c original nRequest:60005, nMsgSize:8
2015/12/29  14:21:54  (0x3f5c38)s2c encoded nRequest:60005, original*size:8, nMsgSize:43
2015/12/29  14:21:58  (0x3f53d8) MPConnection::handle_read failed!
2015/12/29  14:21:58  Client Read failed! host:127.0.0.1, port:30629, error:995, msg:由于线程退出或应用程序请求，已中止 I/O 操作。
2015/12/29  14:21:58  (0x3f0c88)MPConnection ip:192.168.9.123
2015/12/29  14:21:58  Connect server success! host:127.0.0.1, port:30629
2015/12/29  14:21:58  (0x3f14e8)c2s original nRequest:30500, nMsgSize:179
2015/12/29  14:21:58  (0x3f14e8)c2s decoded, nSessionId:1, nRequest:30500, nMsgSize:256
2015/12/29  14:21:58  (0x3f14e8)s2c original nRequest:70000, nMsgSize:168
2015/12/29  14:21:58  (0x3f14e8)s2c encoded nRequest:70000, original*size:168, nMsgSize:113
2015/12/29  14:21:58  (0x3f14e8)c2s original nRequest:30520, nMsgSize:80
2015/12/29  14:21:58  (0x3f14e8)c2s decoded, nSessionId:2, nRequest:30520, nMsgSize:72
2015/12/29  14:21:58  (0x3f14e8)s2c original nRequest:10, nMsgSize:44
2015/12/29  14:21:58  (0x3f14e8)s2c encoded nRequest:10, original*size:44, nMsgSize:62
2015/12/29  14:22:19  (0x3f14e8)c2s original nRequest:30001, nMsgSize:64
2015/12/29  14:22:19  (0x3f14e8)c2s decoded, nSessionId:3, nRequest:30001, nMsgSize:8
2015/12/29  14:23:19  (0x3f14e8)c2s original nRequest:30001, nMsgSize:64
2015/12/29  14:23:19  (0x3f14e8)c2s decoded, nSessionId:4, nRequest:30001, nMsgSize:8
2015/12/29  14:24:19  (0x3f14e8)c2s original nRequest:30001, nMsgSize:64
2015/12/29  14:24:19  (0x3f14e8)c2s decoded, nSessionId:5, nRequest:30001, nMsgSize:8
2015/12/29  14:25:19  (0x3f14e8)c2s original nRequest:30001, nMsgSize:64
2015/12/29  14:25:19  (0x3f14e8)c2s decoded, nSessionId:6, nRequest:30001, nMsgSize:8
2015/12/29  14:25:49  (0x3f14e8)c2s original nRequest:30501, nMsgSize:80
2015/12/29  14:25:49  (0x3f14e8)c2s decoded, nSessionId:7, nRequest:30501, nMsgSize:64
2015/12/29  14:25:49  (0x3f53d8)MPConnection ip:192.168.9.123
2015/12/29  14:25:49  (0x3f0c88) MPConnection::handle_read failed!
2015/12/29  14:25:49  (0x3f5c38)c2s original nRequest:30500, nMsgSize:179
2015/12/29  14:25:49  Client Read failed! host:127.0.0.1, port:30629, error:995, msg:由于线程退出或应用程序请求，已中止 I/O 操作。
2015/12/29  14:25:49  (0x3f5c38)c2s decoded, nSessionId:1, nRequest:30500, nMsgSize:256
2015/12/29  14:25:49  Connect server success! host:127.0.0.1, port:30629
2015/12/29  14:25:49  (0x3f5c38)s2c original nRequest:70000, nMsgSize:168
2015/12/29  14:25:49  (0x3f5c38)s2c encoded nRequest:70000, original*size:168, nMsgSize:113
2015/12/29  14:25:49  (0x3f5c38)c2s original nRequest:30520, nMsgSize:80
2015/12/29  14:25:49  (0x3f5c38)c2s decoded, nSessionId:2, nRequest:30520, nMsgSize:72
2015/12/29  14:25:49  (0x3f5c38)s2c original nRequest:10, nMsgSize:44
2015/12/29  14:25:49  (0x3f5c38)s2c encoded nRequest:10, original*size:44, nMsgSize:62
2015/12/29  14:26:19  (0x3f5c38)c2s original nRequest:30001, nMsgSize:64
2015/12/29  14:26:19  (0x3f5c38)c2s decoded, nSessionId:3, nRequest:30001, nMsgSize:8
2015/12/29  14:27:19  (0x3f5c38)c2s original nRequest:30001, nMsgSize:64
2015/12/29  14:27:19  (0x3f5c38)c2s decoded, nSessionId:4, nRequest:30001, nMsgSize:8
2015/12/29  14:27:20  (0x3f5c38)c2s original nRequest:30501, nMsgSize:80
2015/12/29  14:27:20  (0x3f5c38)c2s decoded, nSessionId:5, nRequest:30501, nMsgSize:64
2015/12/29  14:27:20  (0x3f53d8) MPConnection::handle_read failed!
2015/12/29  14:27:20  Client Read failed! host:127.0.0.1, port:30629, error:995, msg:由于线程退出或应用程序请求，已中止 I/O 操作。
2015/12/29  14:27:20  (0x407960)MPConnection ip:192.168.9.123
2015/12/29  14:27:20  Connect server success! host:127.0.0.1, port:30629
2015/12/29  14:27:20  (0x4081c0)c2s original nRequest:30500, nMsgSize:179
2015/12/29  14:27:20  (0x4081c0)c2s decoded, nSessionId:1, nRequest:30500, nMsgSize:256
2015/12/29  14:27:20  (0x4081c0)s2c original nRequest:70000, nMsgSize:168
2015/12/29  14:27:20  (0x4081c0)s2c encoded nRequest:70000, original*size:168, nMsgSize:113
2015/12/29  14:27:22  (0x4081c0)c2s original nRequest:30520, nMsgSize:80
2015/12/29  14:27:22  (0x4081c0)c2s decoded, nSessionId:2, nRequest:30520, nMsgSize:72
2015/12/29  14:27:22  (0x4081c0)s2c original nRequest:10, nMsgSize:44
2015/12/29  14:27:22  (0x4081c0)s2c encoded nRequest:10, original*size:44, nMsgSize:62
2015/12/29  14:28:19  (0x4081c0)c2s original nRequest:30001, nMsgSize:64
2015/12/29  14:28:19  (0x4081c0)c2s decoded, nSessionId:3, nRequest:30001, nMsgSize:8
2015/12/29  14:28:31  (0x4081c0)c2s original nRequest:30501, nMsgSize:80
2015/12/29  14:28:31  (0x4081c0)c2s decoded, nSessionId:4, nRequest:30501, nMsgSize:64
2015/12/29  14:28:31  (0x3f53d8)MPConnection ip:192.168.9.123
2015/12/29  14:28:31  (0x407960) MPConnection::handle_read failed!
2015/12/29  14:28:31  Client Read failed! host:127.0.0.1, port:30629, error:995, msg:由于线程退出或应用程序请求，已中止 I/O 操作。
2015/12/29  14:28:31  (0x3f5c38)c2s original nRequest:30500, nMsgSize:179
2015/12/29  14:28:31  (0x3f5c38)c2s decoded, nSessionId:1, nRequest:30500, nMsgSize:256
2015/12/29  14:28:31  Connect server success! host:127.0.0.1, port:30629
2015/12/29  14:28:31  (0x3f5c38)s2c original nRequest:70000, nMsgSize:168
2015/12/29  14:28:31  (0x3f5c38)s2c encoded nRequest:70000, original*size:168, nMsgSize:113
2015/12/29  14:28:31  (0x3f5c38)c2s original nRequest:30520, nMsgSize:80
2015/12/29  14:28:31  (0x3f5c38)c2s decoded, nSessionId:2, nRequest:30520, nMsgSize:72
2015/12/29  14:28:31  (0x3f5c38)s2c original nRequest:10, nMsgSize:44
2015/12/29  14:28:31  (0x3f5c38)s2c encoded nRequest:10, original*size:44, nMsgSize:62
2015/12/29  14:29:19  (0x3f5c38)c2s original nRequest:30001, nMsgSize:64
2015/12/29  14:29:19  (0x3f5c38)c2s decoded, nSessionId:3, nRequest:30001, nMsgSize:8
2015/12/29  14:30:20  (0x3f5c38)c2s original nRequest:30001, nMsgSize:64
2015/12/29  14:30:20  (0x3f5c38)c2s decoded, nSessionId:4, nRequest:30001, nMsgSize:8
2015/12/29  14:31:19  (0x3f5c38)c2s original nRequest:30001, nMsgSize:64
2015/12/29  14:31:19  (0x3f5c38)c2s decoded, nSessionId:5, nRequest:30001, nMsgSize:8
2015/12/29  14:32:19  (0x3f5c38)c2s original nRequest:30001, nMsgSize:64
2015/12/29  14:32:19  (0x3f5c38)c2s decoded, nSessionId:6, nRequest:30001, nMsgSize:8
2015/12/29  14:33:19  (0x3f5c38)c2s original nRequest:30001, nMsgSize:64
2015/12/29  14:33:19  (0x3f5c38)c2s decoded, nSessionId:7, nRequest:30001, nMsgSize:8
2015/12/29  14:34:19  (0x3f5c38)c2s original nRequest:30001, nMsgSize:64
2015/12/29  14:34:19  (0x3f5c38)c2s decoded, nSessionId:8, nRequest:30001, nMsgSize:8
2015/12/29  14:35:19  (0x3f5c38)c2s original nRequest:30001, nMsgSize:64
2015/12/29  14:35:19  (0x3f5c38)c2s decoded, nSessionId:9, nRequest:30001, nMsgSize:8
2015/12/29  14:35:45  (0x3f5c38)c2s original nRequest:30501, nMsgSize:80
2015/12/29  14:35:45  (0x3f5c38)c2s decoded, nSessionId:10, nRequest:30501, nMsgSize:64
2015/12/29  14:35:45  (0x404d48)MPConnection ip:192.168.9.123
2015/12/29  14:35:45  (0x3f53d8) MPConnection::handle_read failed!
2015/12/29  14:35:45  Client Read failed! host:127.0.0.1, port:30629, error:995, msg:由于线程退出或应用程序请求，已中止 I/O 操作。
2015/12/29  14:35:45  (0x4055a8)c2s original nRequest:30500, nMsgSize:179
2015/12/29  14:35:45  (0x4055a8)c2s decoded, nSessionId:1, nRequest:30500, nMsgSize:256
2015/12/29  14:35:45  Connect server success! host:127.0.0.1, port:30629
2015/12/29  14:35:45  (0x4055a8)s2c original nRequest:70000, nMsgSize:168
2015/12/29  14:35:45  (0x4055a8)s2c encoded nRequest:70000, original*size:168, nMsgSize:113
2015/12/29  14:35:45  (0x4055a8)c2s original nRequest:30520, nMsgSize:80
2015/12/29  14:35:45  (0x4055a8)c2s decoded, nSessionId:2, nRequest:30520, nMsgSize:72
2015/12/29  14:35:45  (0x4055a8)s2c original nRequest:10, nMsgSize:44
2015/12/29  14:35:45  (0x4055a8)s2c encoded nRequest:10, original*size:44, nMsgSize:62
2015/12/29  14:36:59  (0x4055a8)c2s original nRequest:30001, nMsgSize:64
2015/12/29  14:36:59  (0x4055a8)c2s decoded, nSessionId:3, nRequest:30001, nMsgSize:8
2015/12/29  14:37:59  (0x4055a8)c2s original nRequest:30001, nMsgSize:64
2015/12/29  14:37:59  (0x4055a8)c2s decoded, nSessionId:4, nRequest:30001, nMsgSize:8
2015/12/29  14:38:44  (0x4055a8)c2s original nRequest:30501, nMsgSize:80
2015/12/29  14:38:44  (0x4055a8)c2s decoded, nSessionId:5, nRequest:30501, nMsgSize:64
2015/12/29  14:38:44  (0x404d48) MPConnection::handle_read failed!
2015/12/29  14:38:44  Client Read failed! host:127.0.0.1, port:30629, error:995, msg:由于线程退出或应用程序请求，已中止 I/O 操作。
2015/12/29  14:39:55  (0x3f0c88)MPConnection ip:192.168.9.123
2015/12/29  14:39:55  (0x3f14e8)c2s original nRequest:30500, nMsgSize:179
2015/12/29  14:39:55  (0x3f14e8)c2s decoded, nSessionId:1, nRequest:30500, nMsgSize:256
2015/12/29  14:39:55  Connect server success! host:127.0.0.1, port:30629
2015/12/29  14:39:55  (0x3f14e8)s2c original nRequest:60030, nMsgSize:8
2015/12/29  14:39:55  (0x3f14e8)s2c encoded nRequest:60030, original*size:8, nMsgSize:43
2015/12/29  14:39:57  (0x3f0c88) MPConnection::handle_read failed!
2015/12/29  14:39:57  Client Read failed! host:127.0.0.1, port:30629, error:995, msg:由于线程退出或应用程序请求，已中止 I/O 操作。
2015/12/29  14:39:57  (0x407960)MPConnection ip:192.168.9.123
2015/12/29  14:39:57  (0x4081c0)c2s original nRequest:30500, nMsgSize:179
2015/12/29  14:39:57  (0x4081c0)c2s decoded, nSessionId:1, nRequest:30500, nMsgSize:256
2015/12/29  14:39:57  Connect server success! host:127.0.0.1, port:30629
2015/12/29  14:39:57  (0x4081c0)s2c original nRequest:60030, nMsgSize:8
2015/12/29  14:39:57  (0x4081c0)s2c encoded nRequest:60030, original*size:8, nMsgSize:43
2015/12/29  14:39:59  (0x4081c0)c2s original nRequest:30001, nMsgSize:64
2015/12/29  14:39:59  (0x4081c0)c2s decoded, nSessionId:2, nRequest:30001, nMsgSize:8
2015/12/29  14:40:03  (0x407960) MPConnection::handle_read failed!
2015/12/29  14:40:03  Client Read failed! host:127.0.0.1, port:30629, error:995, msg:由于线程退出或应用程序请求，已中止 I/O 操作。
2015/12/29  14:40:03  (0x3f53d8)MPConnection ip:192.168.9.123
2015/12/29  14:40:03  (0x3f5c38)c2s original nRequest:30500, nMsgSize:179
2015/12/29  14:40:03  (0x3f5c38)c2s decoded, nSessionId:1, nRequest:30500, nMsgSize:256
2015/12/29  14:40:03  Connect server success! host:127.0.0.1, port:30629
2015/12/29  14:40:03  (0x3f5c38)s2c original nRequest:60030, nMsgSize:8
2015/12/29  14:40:03  (0x3f5c38)s2c encoded nRequest:60030, original*size:8, nMsgSize:43
2015/12/29  14:40:15  (0x3f53d8) MPConnection::handle_read failed!
2015/12/29  14:40:15  Client Read failed! host:127.0.0.1, port:30629, error:995, msg:由于线程退出或应用程序请求，已中止 I/O 操作。
2015/12/29  14:40:15  (0x407960)MPConnection ip:192.168.9.123
2015/12/29  14:40:15  (0x4081c0)c2s original nRequest:30500, nMsgSize:179
2015/12/29  14:40:15  (0x4081c0)c2s decoded, nSessionId:1, nRequest:30500, nMsgSize:256
2015/12/29  14:40:15  Connect server success! host:127.0.0.1, port:30629
2015/12/29  14:40:15  (0x4081c0)s2c original nRequest:60030, nMsgSize:8
2015/12/29  14:40:15  (0x4081c0)s2c encoded nRequest:60030, original*size:8, nMsgSize:43
2015/12/29  14:40:17  (0x407960) MPConnection::handle_read failed!
2015/12/29  14:40:17  Client Read failed! host:127.0.0.1, port:30629, error:995, msg:由于线程退出或应用程序请求，已中止 I/O 操作。
2015/12/29  14:40:17  (0x3f53d8)MPConnection ip:192.168.9.123
2015/12/29  14:40:17  (0x3f5c38)c2s original nRequest:30500, nMsgSize:179
2015/12/29  14:40:17  (0x3f5c38)c2s decoded, nSessionId:1, nRequest:30500, nMsgSize:256
2015/12/29  14:40:17  Connect server success! host:127.0.0.1, port:30629
2015/12/29  14:40:17  (0x3f5c38)s2c original nRequest:70000, nMsgSize:168
2015/12/29  14:40:17  (0x3f5c38)s2c encoded nRequest:70000, original*size:168, nMsgSize:113
2015/12/29  14:40:17  (0x3f5c38)c2s original nRequest:30520, nMsgSize:80
2015/12/29  14:40:17  (0x3f5c38)c2s decoded, nSessionId:2, nRequest:30520, nMsgSize:72
2015/12/29  14:40:17  (0x3f5c38)s2c original nRequest:10, nMsgSize:44
2015/12/29  14:40:17  (0x3f5c38)s2c encoded nRequest:10, original*size:44, nMsgSize:62
2015/12/29  14:40:43  (0x3f5c38)c2s original nRequest:30501, nMsgSize:80
2015/12/29  14:40:43  (0x3f5c38)c2s decoded, nSessionId:3, nRequest:30501, nMsgSize:64
2015/12/29  14:40:43  (0x3f53d8) MPConnection::handle_read failed!
2015/12/29  14:40:43  Client Read failed! host:127.0.0.1, port:30629, error:995, msg:由于线程退出或应用程序请求，已中止 I/O 操作。
2015/12/29  14:40:54  (0x407960)MPConnection ip:192.168.9.123
2015/12/29  14:40:54  Connect server success! host:127.0.0.1, port:30629
2015/12/29  14:40:54  (0x4081c0)c2s original nRequest:30500, nMsgSize:179
2015/12/29  14:40:54  (0x4081c0)c2s decoded, nSessionId:1, nRequest:30500, nMsgSize:256
2015/12/29  14:40:54  (0x4081c0)s2c original nRequest:70000, nMsgSize:168
2015/12/29  14:40:54  (0x4081c0)s2c encoded nRequest:70000, original*size:168, nMsgSize:113
2015/12/29  14:40:54  (0x4081c0)c2s original nRequest:30520, nMsgSize:80
2015/12/29  14:40:54  (0x4081c0)c2s decoded, nSessionId:2, nRequest:30520, nMsgSize:72
2015/12/29  14:40:54  (0x4081c0)s2c original nRequest:10, nMsgSize:44
2015/12/29  14:40:54  (0x4081c0)s2c encoded nRequest:10, original*size:44, nMsgSize:62
2015/12/29  14:40:59  (0x4081c0)c2s original nRequest:30001, nMsgSize:64
2015/12/29  14:40:59  (0x4081c0)c2s decoded, nSessionId:3, nRequest:30001, nMsgSize:8
2015/12/29  14:41:59  (0x4081c0)c2s original nRequest:30001, nMsgSize:64
2015/12/29  14:41:59  (0x4081c0)c2s decoded, nSessionId:4, nRequest:30001, nMsgSize:8
2015/12/29  14:42:59  (0x4081c0)c2s original nRequest:30001, nMsgSize:64
2015/12/29  14:42:59  (0x4081c0)c2s decoded, nSessionId:5, nRequest:30001, nMsgSize:8
2015/12/29  14:43:44  (0x4081c0)c2s original nRequest:30501, nMsgSize:80
2015/12/29  14:43:44  (0x4081c0)c2s decoded, nSessionId:6, nRequest:30501, nMsgSize:64
2015/12/29  14:43:44  (0x407960) MPConnection::handle_read failed!
2015/12/29  14:43:44  Client Read failed! host:127.0.0.1, port:30629, error:995, msg:由于线程退出或应用程序请求，已中止 I/O 操作。
2015/12/29  14:55:24  (0x3f53d8)MPConnection ip:192.168.9.123
2015/12/29  14:55:24  Connect server success! host:127.0.0.1, port:30629
2015/12/29  14:55:24  (0x3f5c38)c2s original nRequest:30500, nMsgSize:179
2015/12/29  14:55:24  (0x3f5c38)c2s decoded, nSessionId:1, nRequest:30500, nMsgSize:256
2015/12/29  14:55:24  (0x3f5c38)s2c original nRequest:60005, nMsgSize:8
2015/12/29  14:55:24  (0x3f5c38)s2c encoded nRequest:60005, original*size:8, nMsgSize:43
2015/12/29  14:55:28  (0x3f53d8) MPConnection::handle_read failed!
2015/12/29  14:55:28  Client Read failed! host:127.0.0.1, port:30629, error:995, msg:由于线程退出或应用程序请求，已中止 I/O 操作。
2015/12/29  14:55:28  (0x407960)MPConnection ip:192.168.9.123
2015/12/29  14:55:28  (0x4081c0)c2s original nRequest:30500, nMsgSize:179
2015/12/29  14:55:28  (0x4081c0)c2s decoded, nSessionId:1, nRequest:30500, nMsgSize:256
2015/12/29  14:55:28  Connect server success! host:127.0.0.1, port:30629
2015/12/29  14:55:28  (0x4081c0)s2c original nRequest:70000, nMsgSize:168
2015/12/29  14:55:28  (0x4081c0)s2c encoded nRequest:70000, original*size:168, nMsgSize:113
2015/12/29  14:55:28  (0x4081c0)c2s original nRequest:30520, nMsgSize:80
2015/12/29  14:55:28  (0x4081c0)c2s decoded, nSessionId:2, nRequest:30520, nMsgSize:72
2015/12/29  14:55:28  (0x4081c0)s2c original nRequest:10, nMsgSize:44
2015/12/29  14:55:28  (0x4081c0)s2c encoded nRequest:10, original*size:44, nMsgSize:62
2015/12/29  14:55:52  (0x4081c0)c2s original nRequest:30501, nMsgSize:80
2015/12/29  14:55:52  (0x4081c0)c2s decoded, nSessionId:3, nRequest:30501, nMsgSize:64
2015/12/29  14:55:52  (0x407960) MPConnection::handle_read failed!
2015/12/29  14:55:52  Client Read failed! host:127.0.0.1, port:30629, error:995, msg:由于线程退出或应用程序请求，已中止 I/O 操作。
2015/12/29  14:56:03  (0x3f53d8)MPConnection ip:192.168.9.123
2015/12/29  14:56:03  Connect server success! host:127.0.0.1, port:30629
2015/12/29  14:56:03  (0x3f5c38)c2s original nRequest:30500, nMsgSize:179
2015/12/29  14:56:03  (0x3f5c38)c2s decoded, nSessionId:1, nRequest:30500, nMsgSize:256
2015/12/29  14:56:03  (0x3f5c38)s2c original nRequest:60030, nMsgSize:8
2015/12/29  14:56:03  (0x3f5c38)s2c encoded nRequest:60030, original*size:8, nMsgSize:43
2015/12/29  14:56:06  (0x3f53d8) MPConnection::handle_read failed!
2015/12/29  14:56:06  Client Read failed! host:127.0.0.1, port:30629, error:995, msg:由于线程退出或应用程序请求，已中止 I/O 操作。
2015/12/29  14:56:06  (0x407960)MPConnection ip:192.168.9.123
2015/12/29  14:56:06  (0x4081c0)c2s original nRequest:30500, nMsgSize:179
2015/12/29  14:56:06  (0x4081c0)c2s decoded, nSessionId:1, nRequest:30500, nMsgSize:256
2015/12/29  14:56:06  Connect server success! host:127.0.0.1, port:30629
2015/12/29  14:56:06  (0x4081c0)s2c original nRequest:70000, nMsgSize:168
2015/12/29  14:56:06  (0x4081c0)s2c encoded nRequest:70000, original*size:168, nMsgSize:113
2015/12/29  14:56:06  (0x4081c0)c2s original nRequest:30520, nMsgSize:80
2015/12/29  14:56:06  (0x4081c0)c2s decoded, nSessionId:2, nRequest:30520, nMsgSize:72
2015/12/29  14:56:06  (0x4081c0)s2c original nRequest:10, nMsgSize:44
2015/12/29  14:56:06  (0x4081c0)s2c encoded nRequest:10, original*size:44, nMsgSize:62
2015/12/29  14:56:14  (0x4081c0)c2s original nRequest:30001, nMsgSize:64
2015/12/29  14:56:14  (0x4081c0)c2s decoded, nSessionId:3, nRequest:30001, nMsgSize:8
2015/12/29  14:57:14  (0x4081c0)c2s original nRequest:30001, nMsgSize:64
2015/12/29  14:57:14  (0x4081c0)c2s decoded, nSessionId:4, nRequest:30001, nMsgSize:8
2015/12/29  14:58:14  (0x4081c0)c2s original nRequest:30001, nMsgSize:64
2015/12/29  14:58:14  (0x4081c0)c2s decoded, nSessionId:5, nRequest:30001, nMsgSize:8
2015/12/29  14:59:14  (0x4081c0)c2s original nRequest:30001, nMsgSize:64
2015/12/29  14:59:14  (0x4081c0)c2s decoded, nSessionId:6, nRequest:30001, nMsgSize:8
2015/12/29  15:00:14  (0x4081c0)c2s original nRequest:30001, nMsgSize:64
2015/12/29  15:00:15  (0x4081c0)c2s decoded, nSessionId:7, nRequest:30001, nMsgSize:8
2015/12/29  15:00:58  (0x4081c0)c2s original nRequest:30501, nMsgSize:80
2015/12/29  15:00:58  (0x4081c0)c2s decoded, nSessionId:8, nRequest:30501, nMsgSize:64
2015/12/29  15:00:58  (0x3f53d8)MPConnection ip:192.168.9.123
2015/12/29  15:00:58  (0x407960) MPConnection::handle_read failed!
2015/12/29  15:00:58  Connect server success! host:127.0.0.1, port:30629
2015/12/29  15:00:58  Client Read failed! host:127.0.0.1, port:30629, error:995, msg:由于线程退出或应用程序请求，已中止 I/O 操作。
2015/12/29  15:00:58  (0x3f5c38)c2s original nRequest:30500, nMsgSize:179
2015/12/29  15:00:58  (0x3f5c38)c2s decoded, nSessionId:1, nRequest:30500, nMsgSize:256
2015/12/29  15:00:58  (0x3f5c38)s2c original nRequest:70000, nMsgSize:168
2015/12/29  15:00:58  (0x3f5c38)s2c encoded nRequest:70000, original*size:168, nMsgSize:113
2015/12/29  15:00:58  (0x3f5c38)c2s original nRequest:30520, nMsgSize:80
2015/12/29  15:00:58  (0x3f5c38)c2s decoded, nSessionId:2, nRequest:30520, nMsgSize:72
2015/12/29  15:00:58  (0x3f5c38)s2c original nRequest:10, nMsgSize:44
2015/12/29  15:00:58  (0x3f5c38)s2c encoded nRequest:10, original*size:44, nMsgSize:62
2015/12/29  15:01:15  (0x3f5c38)c2s original nRequest:30001, nMsgSize:64
2015/12/29  15:01:15  (0x3f5c38)c2s decoded, nSessionId:3, nRequest:30001, nMsgSize:8
2015/12/29  15:01:55  (0x3f5c38)c2s original nRequest:30501, nMsgSize:80
2015/12/29  15:01:56  (0x3f5c38)c2s decoded, nSessionId:4, nRequest:30501, nMsgSize:64
2015/12/29  15:01:56  (0x3f0c88)MPConnection ip:192.168.9.123
2015/12/29  15:01:56  (0x3f53d8) MPConnection::handle_read failed!
2015/12/29  15:01:56  (0x3f14e8)c2s original nRequest:30500, nMsgSize:179
2015/12/29  15:01:56  Client Read failed! host:127.0.0.1, port:30629, error:995, msg:由于线程退出或应用程序请求，已中止 I/O 操作。
2015/12/29  15:01:56  (0x3f14e8)c2s decoded, nSessionId:1, nRequest:30500, nMsgSize:256
2015/12/29  15:01:56  Connect server success! host:127.0.0.1, port:30629
2015/12/29  15:01:56  (0x3f14e8)s2c original nRequest:70000, nMsgSize:168
2015/12/29  15:01:56  (0x3f14e8)s2c encoded nRequest:70000, original*size:168, nMsgSize:113
2015/12/29  15:01:56  (0x3f14e8)c2s original nRequest:30520, nMsgSize:80
2015/12/29  15:01:56  (0x3f14e8)c2s decoded, nSessionId:2, nRequest:30520, nMsgSize:72
2015/12/29  15:01:56  (0x3f14e8)s2c original nRequest:10, nMsgSize:44
2015/12/29  15:01:56  (0x3f14e8)s2c encoded nRequest:10, original*size:44, nMsgSize:62
2015/12/29  15:02:15  (0x3f14e8)c2s original nRequest:30001, nMsgSize:64
2015/12/29  15:02:15  (0x3f14e8)c2s decoded, nSessionId:3, nRequest:30001, nMsgSize:8
2015/12/29  15:03:15  (0x3f14e8)c2s original nRequest:30001, nMsgSize:64
2015/12/29  15:03:15  (0x3f14e8)c2s decoded, nSessionId:4, nRequest:30001, nMsgSize:8
2015/12/29  15:04:00  (0x3f14e8)c2s original nRequest:30501, nMsgSize:80
2015/12/29  15:04:00  (0x3f14e8)c2s decoded, nSessionId:5, nRequest:30501, nMsgSize:64
2015/12/29  15:04:00  (0x404918)MPConnection ip:192.168.9.123
2015/12/29  15:04:00  (0x3f0c88) MPConnection::handle_read failed!
2015/12/29  15:04:00  (0x405178)c2s original nRequest:30500, nMsgSize:179
2015/12/29  15:04:00  Client Read failed! host:127.0.0.1, port:30629, error:995, msg:由于线程退出或应用程序请求，已中止 I/O 操作。
2015/12/29  15:04:00  (0x405178)c2s decoded, nSessionId:1, nRequest:30500, nMsgSize:256
2015/12/29  15:04:00  Connect server success! host:127.0.0.1, port:30629
2015/12/29  15:04:00  (0x405178)s2c original nRequest:70000, nMsgSize:168
2015/12/29  15:04:00  (0x405178)s2c encoded nRequest:70000, original*size:168, nMsgSize:113
2015/12/29  15:04:00  (0x405178)c2s original nRequest:30520, nMsgSize:80
2015/12/29  15:04:00  (0x405178)c2s decoded, nSessionId:2, nRequest:30520, nMsgSize:72
2015/12/29  15:04:00  (0x405178)s2c original nRequest:10, nMsgSize:44
2015/12/29  15:04:00  (0x405178)s2c encoded nRequest:10, original*size:44, nMsgSize:62
2015/12/29  15:04:15  (0x405178)c2s original nRequest:30001, nMsgSize:64
2015/12/29  15:04:15  (0x405178)c2s decoded, nSessionId:3, nRequest:30001, nMsgSize:8
2015/12/29  15:05:15  (0x405178)c2s original nRequest:30001, nMsgSize:64
2015/12/29  15:05:15  (0x405178)c2s decoded, nSessionId:4, nRequest:30001, nMsgSize:8
2015/12/29  15:06:15  (0x405178)c2s original nRequest:30001, nMsgSize:64
2015/12/29  15:06:15  (0x405178)c2s decoded, nSessionId:5, nRequest:30001, nMsgSize:8
2015/12/29  15:06:29  (0x405178)c2s original nRequest:30501, nMsgSize:80
2015/12/29  15:06:29  (0x405178)c2s decoded, nSessionId:6, nRequest:30501, nMsgSize:64
2015/12/29  15:06:29  (0x404918) MPConnection::handle_read failed!
2015/12/29  15:06:29  Client Read failed! host:127.0.0.1, port:30629, error:995, msg:由于线程退出或应用程序请求，已中止 I/O 操作。
2015/12/29  15:14:22  (0x3f53d8)MPConnection ip:192.168.9.123
2015/12/29  15:14:22  Connect server success! host:127.0.0.1, port:30629
2015/12/29  15:14:22  (0x3f5c38)c2s original nRequest:30500, nMsgSize:179
2015/12/29  15:14:22  (0x3f5c38)c2s decoded, nSessionId:1, nRequest:30500, nMsgSize:256
2015/12/29  15:14:22  (0x3f5c38)s2c original nRequest:70000, nMsgSize:168
2015/12/29  15:14:22  (0x3f5c38)s2c encoded nRequest:70000, original*size:168, nMsgSize:113
2015/12/29  15:14:22  (0x3f5c38)c2s original nRequest:30520, nMsgSize:80
2015/12/29  15:14:22  (0x3f5c38)c2s decoded, nSessionId:2, nRequest:30520, nMsgSize:72
2015/12/29  15:14:22  (0x3f5c38)s2c original nRequest:10, nMsgSize:44
2015/12/29  15:14:22  (0x3f5c38)s2c encoded nRequest:10, original*size:44, nMsgSize:62
2015/12/29  15:15:15  (0x3f5c38)c2s original nRequest:30001, nMsgSize:64
2015/12/29  15:15:15  (0x3f5c38)c2s decoded, nSessionId:3, nRequest:30001, nMsgSize:8
2015/12/29  15:16:15  (0x3f5c38)c2s original nRequest:30001, nMsgSize:64
2015/12/29  15:16:15  (0x3f5c38)c2s decoded, nSessionId:4, nRequest:30001, nMsgSize:8
2015/12/29  15:17:15  (0x3f5c38)c2s original nRequest:30001, nMsgSize:64
2015/12/29  15:17:15  (0x3f5c38)c2s decoded, nSessionId:5, nRequest:30001, nMsgSize:8
2015/12/29  15:18:15  (0x3f5c38)c2s original nRequest:30001, nMsgSize:64
2015/12/29  15:18:15  (0x3f5c38)c2s decoded, nSessionId:6, nRequest:30001, nMsgSize:8
2015/12/29  15:19:02  (0x3f5c38)c2s original nRequest:30501, nMsgSize:80
2015/12/29  15:19:02  (0x3f5c38)c2s decoded, nSessionId:7, nRequest:30501, nMsgSize:64
2015/12/29  15:19:02  (0x3f53d8) MPConnection::handle_read failed!
2015/12/29  15:19:02  Client Read failed! host:127.0.0.1, port:30629, error:995, msg:由于线程退出或应用程序请求，已中止 I/O 操作。
2015/12/29  15:24:40  (0x407960)MPConnection ip:192.168.9.123
2015/12/29  15:24:40  Connect server success! host:127.0.0.1, port:30629
2015/12/29  15:24:40  (0x4081c0)c2s original nRequest:30500, nMsgSize:179
2015/12/29  15:24:40  (0x4081c0)c2s decoded, nSessionId:1, nRequest:30500, nMsgSize:256
2015/12/29  15:24:40  (0x4081c0)s2c original nRequest:70000, nMsgSize:168
2015/12/29  15:24:40  (0x4081c0)s2c encoded nRequest:70000, original*size:168, nMsgSize:113
2015/12/29  15:24:40  (0x4081c0)c2s original nRequest:30520, nMsgSize:80
2015/12/29  15:24:40  (0x4081c0)c2s decoded, nSessionId:2, nRequest:30520, nMsgSize:72
2015/12/29  15:24:40  (0x4081c0)s2c original nRequest:10, nMsgSize:44
2015/12/29  15:24:40  (0x4081c0)s2c encoded nRequest:10, original*size:44, nMsgSize:62
2015/12/29  15:24:45  (0x4081c0)c2s original nRequest:30001, nMsgSize:64
2015/12/29  15:24:45  (0x4081c0)c2s decoded, nSessionId:3, nRequest:30001, nMsgSize:8
2015/12/29  15:25:45  (0x4081c0)c2s original nRequest:30001, nMsgSize:64
2015/12/29  15:25:45  (0x4081c0)c2s decoded, nSessionId:4, nRequest:30001, nMsgSize:8
2015/12/29  15:26:45  (0x4081c0)c2s original nRequest:30001, nMsgSize:64
2015/12/29  15:26:45  (0x4081c0)c2s decoded, nSessionId:5, nRequest:30001, nMsgSize:8
2015/12/29  15:26:56  (0x4081c0)c2s original nRequest:30501, nMsgSize:80
2015/12/29  15:26:56  (0x4081c0)c2s decoded, nSessionId:6, nRequest:30501, nMsgSize:64
2015/12/29  15:26:56  (0x407960) MPConnection::handle_read failed!
2015/12/29  15:26:56  Client Read failed! host:127.0.0.1, port:30629, error:995, msg:由于线程退出或应用程序请求，已中止 I/O 操作。
2015/12/29  15:48:36  (0x3f53d8)MPConnection ip:192.168.9.123
2015/12/29  15:48:37  Connect server success! host:127.0.0.1, port:30629
2015/12/29  15:48:37  (0x3f5c38)c2s original nRequest:30500, nMsgSize:179
2015/12/29  15:48:37  (0x3f5c38)c2s decoded, nSessionId:1, nRequest:30500, nMsgSize:256
2015/12/29  15:48:37  (0x3f5c38)s2c original nRequest:70000, nMsgSize:168
2015/12/29  15:48:37  (0x3f5c38)s2c encoded nRequest:70000, original*size:168, nMsgSize:129
2015/12/29  15:48:37  (0x3f5c38)c2s original nRequest:30520, nMsgSize:80
2015/12/29  15:48:37  (0x3f5c38)c2s decoded, nSessionId:2, nRequest:30520, nMsgSize:72
2015/12/29  15:48:37  (0x3f5c38)s2c original nRequest:10, nMsgSize:44
2015/12/29  15:48:37  (0x3f5c38)s2c encoded nRequest:10, original*size:44, nMsgSize:62
2015/12/29  15:48:48  (0x3f5c38)c2s original nRequest:30001, nMsgSize:64
2015/12/29  15:48:48  (0x3f5c38)c2s decoded, nSessionId:3, nRequest:30001, nMsgSize:8
2015/12/29  15:49:49  (0x3f5c38)c2s original nRequest:30001, nMsgSize:64
2015/12/29  15:49:49  (0x3f5c38)c2s decoded, nSessionId:4, nRequest:30001, nMsgSize:8
2015/12/29  15:50:49  (0x3f5c38)c2s original nRequest:30001, nMsgSize:64
2015/12/29  15:50:49  (0x3f5c38)c2s decoded, nSessionId:5, nRequest:30001, nMsgSize:8
2015/12/29  15:51:49  (0x3f5c38)c2s original nRequest:30001, nMsgSize:64
2015/12/29  15:51:49  (0x3f5c38)c2s decoded, nSessionId:6, nRequest:30001, nMsgSize:8
2015/12/29  15:52:49  (0x3f5c38)c2s original nRequest:30001, nMsgSize:64
2015/12/29  15:52:49  (0x3f5c38)c2s decoded, nSessionId:7, nRequest:30001, nMsgSize:8
2015/12/29  15:53:49  (0x3f5c38)c2s original nRequest:30001, nMsgSize:64
2015/12/29  15:53:49  (0x3f5c38)c2s decoded, nSessionId:8, nRequest:30001, nMsgSize:8
2015/12/29  15:54:49  (0x3f5c38)c2s original nRequest:30001, nMsgSize:64
2015/12/29  15:54:49  (0x3f5c38)c2s decoded, nSessionId:9, nRequest:30001, nMsgSize:8
2015/12/29  15:55:49  (0x3f5c38)c2s original nRequest:30001, nMsgSize:64
2015/12/29  15:55:49  (0x3f5c38)c2s decoded, nSessionId:10, nRequest:30001, nMsgSize:8
2015/12/29  15:56:49  (0x3f5c38)c2s original nRequest:30001, nMsgSize:64
2015/12/29  15:56:49  (0x3f5c38)c2s decoded, nSessionId:11, nRequest:30001, nMsgSize:8
2015/12/29  15:57:22  (0x3f5c38)c2s original nRequest:30501, nMsgSize:80
2015/12/29  15:57:22  (0x407960)MPConnection ip:192.168.9.123
2015/12/29  15:57:22  (0x3f5c38)c2s decoded, nSessionId:12, nRequest:30501, nMsgSize:64
2015/12/29  15:57:23  (0x4081c0)c2s original nRequest:30500, nMsgSize:179
2015/12/29  15:57:23  (0x3f53d8) MPConnection::handle_read failed!
2015/12/29  15:57:23  (0x4081c0)c2s decoded, nSessionId:1, nRequest:30500, nMsgSize:256
2015/12/29  15:57:23  Client Read failed! host:127.0.0.1, port:30629, error:995, msg:由于线程退出或应用程序请求，已中止 I/O 操作。
2015/12/29  15:57:23  Connect server success! host:127.0.0.1, port:30629
2015/12/29  15:57:23  (0x4081c0)s2c original nRequest:70000, nMsgSize:168
2015/12/29  15:57:23  (0x4081c0)s2c encoded nRequest:70000, original*size:168, nMsgSize:113
2015/12/29  15:57:23  (0x4081c0)c2s original nRequest:30520, nMsgSize:80
2015/12/29  15:57:23  (0x4081c0)c2s decoded, nSessionId:2, nRequest:30520, nMsgSize:72
2015/12/29  15:57:23  (0x4081c0)s2c original nRequest:10, nMsgSize:44
2015/12/29  15:57:23  (0x4081c0)s2c encoded nRequest:10, original*size:44, nMsgSize:62
2015/12/29  15:57:49  (0x4081c0)c2s original nRequest:30001, nMsgSize:64
2015/12/29  15:57:49  (0x4081c0)c2s decoded, nSessionId:3, nRequest:30001, nMsgSize:8
2015/12/29  15:58:49  (0x4081c0)c2s original nRequest:30001, nMsgSize:64
2015/12/29  15:58:49  (0x4081c0)c2s decoded, nSessionId:4, nRequest:30001, nMsgSize:8
2015/12/29  15:59:49  (0x4081c0)c2s original nRequest:30001, nMsgSize:64
2015/12/29  15:59:49  (0x4081c0)c2s decoded, nSessionId:5, nRequest:30001, nMsgSize:8
2015/12/29  16:00:49  (0x4081c0)c2s original nRequest:30001, nMsgSize:64
2015/12/29  16:00:49  (0x4081c0)c2s decoded, nSessionId:6, nRequest:30001, nMsgSize:8
2015/12/29  16:01:33  (0x4081c0)c2s original nRequest:30501, nMsgSize:80
2015/12/29  16:01:33  (0x4081c0)c2s decoded, nSessionId:7, nRequest:30501, nMsgSize:64
2015/12/29  16:01:33  (0x3f0c88)MPConnection ip:192.168.9.123
2015/12/29  16:01:33  (0x407960) MPConnection::handle_read failed!
2015/12/29  16:01:33  Connect server success! host:127.0.0.1, port:30629
2015/12/29  16:01:33  Client Read failed! host:127.0.0.1, port:30629, error:995, msg:由于线程退出或应用程序请求，已中止 I/O 操作。
2015/12/29  16:01:33  (0x3f14e8)c2s original nRequest:30500, nMsgSize:179
2015/12/29  16:01:33  (0x3f14e8)c2s decoded, nSessionId:1, nRequest:30500, nMsgSize:256
2015/12/29  16:01:34  (0x3f14e8)s2c original nRequest:70000, nMsgSize:168
2015/12/29  16:01:34  (0x3f14e8)s2c encoded nRequest:70000, original*size:168, nMsgSize:129
2015/12/29  16:01:34  (0x3f14e8)c2s original nRequest:30520, nMsgSize:80
2015/12/29  16:01:34  (0x3f14e8)c2s decoded, nSessionId:2, nRequest:30520, nMsgSize:72
2015/12/29  16:01:34  (0x3f14e8)s2c original nRequest:10, nMsgSize:44
2015/12/29  16:01:34  (0x3f14e8)s2c encoded nRequest:10, original*size:44, nMsgSize:62
2015/12/29  16:01:49  (0x3f14e8)c2s original nRequest:30001, nMsgSize:64
2015/12/29  16:01:49  (0x3f14e8)c2s decoded, nSessionId:3, nRequest:30001, nMsgSize:8
2015/12/29  16:02:49  (0x3f14e8)c2s original nRequest:30001, nMsgSize:64
2015/12/29  16:02:49  (0x3f14e8)c2s decoded, nSessionId:4, nRequest:30001, nMsgSize:8
2015/12/29  16:03:49  (0x3f14e8)c2s original nRequest:30001, nMsgSize:64
2015/12/29  16:03:49  (0x3f14e8)c2s decoded, nSessionId:5, nRequest:30001, nMsgSize:8
2015/12/29  16:04:20  (0x3f14e8)c2s original nRequest:30501, nMsgSize:80
2015/12/29  16:04:20  (0x3f14e8)c2s decoded, nSessionId:6, nRequest:30501, nMsgSize:64
2015/12/29  16:04:21  (0x3f0c88) MPConnection::handle_read failed!
2015/12/29  16:04:21  Client Read failed! host:127.0.0.1, port:30629, error:995, msg:由于线程退出或应用程序请求，已中止 I/O 操作。
2015/12/29  16:04:53  (0x404918)MPConnection ip:192.168.9.123
2015/12/29  16:04:53  Connect server success! host:127.0.0.1, port:30629
2015/12/29  16:04:53  (0x405178)c2s original nRequest:30500, nMsgSize:179
2015/12/29  16:04:53  (0x405178)c2s decoded, nSessionId:1, nRequest:30500, nMsgSize:256
2015/12/29  16:04:53  (0x405178)s2c original nRequest:70000, nMsgSize:168
2015/12/29  16:04:53  (0x405178)s2c encoded nRequest:70000, original*size:168, nMsgSize:113
2015/12/29  16:04:53  (0x405178)c2s original nRequest:30520, nMsgSize:80
2015/12/29  16:04:53  (0x405178)c2s decoded, nSessionId:2, nRequest:30520, nMsgSize:72
2015/12/29  16:04:53  (0x405178)s2c original nRequest:10, nMsgSize:44
2015/12/29  16:04:53  (0x405178)s2c encoded nRequest:10, original*size:44, nMsgSize:62
2015/12/29  16:05:49  (0x405178)c2s original nRequest:30001, nMsgSize:64
2015/12/29  16:05:49  (0x405178)c2s decoded, nSessionId:3, nRequest:30001, nMsgSize:8
2015/12/29  16:05:53  (0x405178)c2s original nRequest:30501, nMsgSize:80
2015/12/29  16:05:53  (0x405178)c2s decoded, nSessionId:4, nRequest:30501, nMsgSize:64
2015/12/29  16:05:53  (0x404918) MPConnection::handle_read failed!
2015/12/29  16:05:53  Client Read failed! host:127.0.0.1, port:30629, error:995, msg:由于线程退出或应用程序请求，已中止 I/O 操作。
2015/12/29  16:05:53  (0x3f53d8)MPConnection ip:192.168.9.123
2015/12/29  16:05:53  Connect server success! host:127.0.0.1, port:30629
2015/12/29  16:05:54  (0x3f5c38)c2s original nRequest:30500, nMsgSize:179
2015/12/29  16:05:54  (0x3f5c38)c2s decoded, nSessionId:1, nRequest:30500, nMsgSize:256
2015/12/29  16:05:54  (0x3f5c38)s2c original nRequest:70000, nMsgSize:168
2015/12/29  16:05:54  (0x3f5c38)s2c encoded nRequest:70000, original*size:168, nMsgSize:113
2015/12/29  16:05:54  (0x3f5c38)c2s original nRequest:30520, nMsgSize:80
2015/12/29  16:05:54  (0x3f5c38)c2s decoded, nSessionId:2, nRequest:30520, nMsgSize:72
2015/12/29  16:05:54  (0x3f5c38)s2c original nRequest:10, nMsgSize:44
2015/12/29  16:05:54  (0x3f5c38)s2c encoded nRequest:10, original*size:44, nMsgSize:62
2015/12/29  16:06:40  (0x3f5c38)c2s original nRequest:30501, nMsgSize:80
2015/12/29  16:06:40  (0x3f5c38)c2s decoded, nSessionId:3, nRequest:30501, nMsgSize:64
2015/12/29  16:06:40  (0x3f53d8) MPConnection::handle_read failed!
2015/12/29  16:06:40  (0x407960)MPConnection ip:192.168.9.123
2015/12/29  16:06:40  Client Read failed! host:127.0.0.1, port:30629, error:995, msg:由于线程退出或应用程序请求，已中止 I/O 操作。
2015/12/29  16:06:40  (0x4081c0)c2s original nRequest:30500, nMsgSize:179
2015/12/29  16:06:40  (0x4081c0)c2s decoded, nSessionId:1, nRequest:30500, nMsgSize:256
2015/12/29  16:06:40  Connect server success! host:127.0.0.1, port:30629
2015/12/29  16:06:40  (0x4081c0)s2c original nRequest:70000, nMsgSize:168
2015/12/29  16:06:40  (0x4081c0)s2c encoded nRequest:70000, original*size:168, nMsgSize:113
2015/12/29  16:06:40  (0x4081c0)c2s original nRequest:30520, nMsgSize:80
2015/12/29  16:06:40  (0x4081c0)c2s decoded, nSessionId:2, nRequest:30520, nMsgSize:72
2015/12/29  16:06:40  (0x4081c0)s2c original nRequest:10, nMsgSize:44
2015/12/29  16:06:40  (0x4081c0)s2c encoded nRequest:10, original*size:44, nMsgSize:62
2015/12/29  16:06:49  (0x4081c0)c2s original nRequest:30001, nMsgSize:64
2015/12/29  16:06:49  (0x4081c0)c2s decoded, nSessionId:3, nRequest:30001, nMsgSize:8
2015/12/29  16:07:49  (0x4081c0)c2s original nRequest:30001, nMsgSize:64
2015/12/29  16:07:49  (0x4081c0)c2s decoded, nSessionId:4, nRequest:30001, nMsgSize:8
2015/12/29  16:08:49  (0x4081c0)c2s original nRequest:30001, nMsgSize:64
2015/12/29  16:08:49  (0x4081c0)c2s decoded, nSessionId:5, nRequest:30001, nMsgSize:8
2015/12/29  16:09:49  (0x4081c0)c2s original nRequest:30001, nMsgSize:64
2015/12/29  16:09:49  (0x4081c0)c2s decoded, nSessionId:6, nRequest:30001, nMsgSize:8
2015/12/29  16:10:49  (0x4081c0)c2s original nRequest:30001, nMsgSize:64
2015/12/29  16:10:49  (0x4081c0)c2s decoded, nSessionId:7, nRequest:30001, nMsgSize:8
2015/12/29  16:11:49  (0x4081c0)c2s original nRequest:30001, nMsgSize:64
2015/12/29  16:11:49  (0x4081c0)c2s decoded, nSessionId:8, nRequest:30001, nMsgSize:8
2015/12/29  16:12:49  (0x4081c0)c2s original nRequest:30001, nMsgSize:64
2015/12/29  16:12:49  (0x4081c0)c2s decoded, nSessionId:9, nRequest:30001, nMsgSize:8
2015/12/29  16:13:49  (0x4081c0)c2s original nRequest:30001, nMsgSize:64
2015/12/29  16:13:49  (0x4081c0)c2s decoded, nSessionId:10, nRequest:30001, nMsgSize:8
2015/12/29  16:14:49  (0x4081c0)c2s original nRequest:30001, nMsgSize:64
2015/12/29  16:14:49  (0x4081c0)c2s decoded, nSessionId:11, nRequest:30001, nMsgSize:8
2015/12/29  16:15:49  (0x4081c0)c2s original nRequest:30001, nMsgSize:64
2015/12/29  16:15:49  (0x4081c0)c2s decoded, nSessionId:12, nRequest:30001, nMsgSize:8
2015/12/29  16:16:49  (0x4081c0)c2s original nRequest:30001, nMsgSize:64
2015/12/29  16:16:49  (0x4081c0)c2s decoded, nSessionId:13, nRequest:30001, nMsgSize:8
2015/12/29  16:17:49  (0x4081c0)c2s original nRequest:30001, nMsgSize:64
2015/12/29  16:17:49  (0x4081c0)c2s decoded, nSessionId:14, nRequest:30001, nMsgSize:8
2015/12/29  16:18:49  (0x4081c0)c2s original nRequest:30001, nMsgSize:64
2015/12/29  16:18:49  (0x4081c0)c2s decoded, nSessionId:15, nRequest:30001, nMsgSize:8
2015/12/29  16:19:49  (0x4081c0)c2s original nRequest:30001, nMsgSize:64
2015/12/29  16:19:49  (0x4081c0)c2s decoded, nSessionId:16, nRequest:30001, nMsgSize:8
2015/12/29  16:20:49  (0x4081c0)c2s original nRequest:30001, nMsgSize:64
2015/12/29  16:20:49  (0x4081c0)c2s decoded, nSessionId:17, nRequest:30001, nMsgSize:8
2015/12/29  16:21:49  (0x4081c0)c2s original nRequest:30001, nMsgSize:64
2015/12/29  16:21:49  (0x4081c0)c2s decoded, nSessionId:18, nRequest:30001, nMsgSize:8
2015/12/29  16:22:02  (0x4081c0)c2s original nRequest:30501, nMsgSize:80
2015/12/29  16:22:02  (0x4081c0)c2s decoded, nSessionId:19, nRequest:30501, nMsgSize:64
2015/12/29  16:22:02  (0x407960) MPConnection::handle_read failed!
2015/12/29  16:22:02  Client Read failed! host:127.0.0.1, port:30629, error:995, msg:由于线程退出或应用程序请求，已中止 I/O 操作。
2015/12/29  16:22:29  (0x3f0c88)MPConnection ip:192.168.9.123
2015/12/29  16:22:29  Connect server success! host:127.0.0.1, port:30629
2015/12/29  16:22:29  (0x3f14e8)c2s original nRequest:30500, nMsgSize:179
2015/12/29  16:22:29  (0x3f14e8)c2s decoded, nSessionId:1, nRequest:30500, nMsgSize:256
2015/12/29  16:22:29  (0x3f14e8)s2c original nRequest:70000, nMsgSize:168
2015/12/29  16:22:29  (0x3f14e8)s2c encoded nRequest:70000, original*size:168, nMsgSize:113
2015/12/29  16:22:29  (0x3f14e8)c2s original nRequest:30520, nMsgSize:80
2015/12/29  16:22:29  (0x3f14e8)c2s decoded, nSessionId:2, nRequest:30520, nMsgSize:72
2015/12/29  16:22:29  (0x3f14e8)s2c original nRequest:10, nMsgSize:44
2015/12/29  16:22:29  (0x3f14e8)s2c encoded nRequest:10, original*size:44, nMsgSize:62
2015/12/29  16:22:49  (0x3f14e8)c2s original nRequest:30001, nMsgSize:64
2015/12/29  16:22:49  (0x3f14e8)c2s decoded, nSessionId:3, nRequest:30001, nMsgSize:8
2015/12/29  16:23:48  (0x3f14e8)c2s original nRequest:30001, nMsgSize:64
2015/12/29  16:23:48  (0x3f14e8)c2s decoded, nSessionId:4, nRequest:30001, nMsgSize:8
2015/12/29  16:24:48  (0x3f14e8)c2s original nRequest:30001, nMsgSize:64
2015/12/29  16:24:48  (0x3f14e8)c2s decoded, nSessionId:5, nRequest:30001, nMsgSize:8
2015/12/29  16:25:15  (0x3f14e8)c2s original nRequest:30501, nMsgSize:80
2015/12/29  16:25:15  (0x3f14e8)c2s decoded, nSessionId:6, nRequest:30501, nMsgSize:64
2015/12/29  16:25:15  (0x3f0c88) MPConnection::handle_read failed!
2015/12/29  16:25:15  Client Read failed! host:127.0.0.1, port:30629, error:995, msg:由于线程退出或应用程序请求，已中止 I/O 操作。
2015/12/29  16:26:19  (0x3f53d8)MPConnection ip:192.168.9.123
2015/12/29  16:26:19  Connect server success! host:127.0.0.1, port:30629
2015/12/29  16:26:19  (0x3f5c38)c2s original nRequest:30500, nMsgSize:179
2015/12/29  16:26:19  (0x3f5c38)c2s decoded, nSessionId:1, nRequest:30500, nMsgSize:256
2015/12/29  16:26:19  (0x3f5c38)s2c original nRequest:70000, nMsgSize:168
2015/12/29  16:26:19  (0x3f5c38)s2c encoded nRequest:70000, original*size:168, nMsgSize:113
2015/12/29  16:26:19  (0x3f5c38)c2s original nRequest:30520, nMsgSize:80
2015/12/29  16:26:19  (0x3f5c38)c2s decoded, nSessionId:2, nRequest:30520, nMsgSize:72
2015/12/29  16:26:19  (0x3f5c38)s2c original nRequest:10, nMsgSize:44
2015/12/29  16:26:19  (0x3f5c38)s2c encoded nRequest:10, original*size:44, nMsgSize:62
2015/12/29  16:26:48  (0x3f5c38)c2s original nRequest:30001, nMsgSize:64
2015/12/29  16:26:48  (0x3f5c38)c2s decoded, nSessionId:3, nRequest:30001, nMsgSize:8
2015/12/29  16:27:48  (0x3f5c38)c2s original nRequest:30001, nMsgSize:64
2015/12/29  16:27:48  (0x3f5c38)c2s decoded, nSessionId:4, nRequest:30001, nMsgSize:8
2015/12/29  16:28:44  (0x3f5c38)c2s original nRequest:30501, nMsgSize:80
2015/12/29  16:28:44  (0x3f5c38)c2s decoded, nSessionId:5, nRequest:30501, nMsgSize:64
2015/12/29  16:28:44  (0x3f53d8) MPConnection::handle_read failed!
2015/12/29  16:28:44  Client Read failed! host:127.0.0.1, port:30629, error:995, msg:由于线程退出或应用程序请求，已中止 I/O 操作。
2015/12/29  17:00:09  (0x407960)MPConnection ip:192.168.9.123
2015/12/29  17:00:09  Connect server success! host:127.0.0.1, port:30629
2015/12/29  17:00:09  (0x4081c0)c2s original nRequest:30500, nMsgSize:179
2015/12/29  17:00:09  (0x4081c0)c2s decoded, nSessionId:1, nRequest:30500, nMsgSize:256
2015/12/29  17:00:09  (0x4081c0)s2c original nRequest:70000, nMsgSize:168
2015/12/29  17:00:09  (0x4081c0)s2c encoded nRequest:70000, original*size:168, nMsgSize:113
2015/12/29  17:00:09  (0x4081c0)c2s original nRequest:30520, nMsgSize:80
2015/12/29  17:00:09  (0x4081c0)c2s decoded, nSessionId:2, nRequest:30520, nMsgSize:72
2015/12/29  17:00:09  (0x4081c0)s2c original nRequest:10, nMsgSize:44
2015/12/29  17:00:09  (0x4081c0)s2c encoded nRequest:10, original*size:44, nMsgSize:62
2015/12/29  17:00:48  (0x4081c0)c2s original nRequest:30001, nMsgSize:64
2015/12/29  17:00:48  (0x4081c0)c2s decoded, nSessionId:3, nRequest:30001, nMsgSize:8
2015/12/29  17:01:48  (0x4081c0)c2s original nRequest:30001, nMsgSize:64
2015/12/29  17:01:48  (0x4081c0)c2s decoded, nSessionId:4, nRequest:30001, nMsgSize:8
2015/12/29  17:02:48  (0x4081c0)c2s original nRequest:30001, nMsgSize:64
2015/12/29  17:02:48  (0x4081c0)c2s decoded, nSessionId:5, nRequest:30001, nMsgSize:8
2015/12/29  17:03:05  (0x4081c0)c2s original nRequest:30501, nMsgSize:80
2015/12/29  17:03:05  (0x4081c0)c2s decoded, nSessionId:6, nRequest:30501, nMsgSize:64
2015/12/29  17:03:05  (0x407960) MPConnection::handle_read failed!
2015/12/29  17:03:05  Client Read failed! host:127.0.0.1, port:30629, error:995, msg:由于线程退出或应用程序请求，已中止 I/O 操作。
